2025-11-16 13:52:08,299 INFO    MainThread:27805 [wandb_setup.py:_flush():76] Configure stats pid to 27805
2025-11-16 13:52:08,300 INFO    MainThread:27805 [wandb_setup.py:_flush():76] Loading settings from /Users/fionameng/.config/wandb/settings
2025-11-16 13:52:08,300 INFO    MainThread:27805 [wandb_setup.py:_flush():76] Loading settings from /Users/fionameng/Documents/rllib-accelerator/wandb/settings
2025-11-16 13:52:08,300 INFO    MainThread:27805 [wandb_setup.py:_flush():76] Loading settings from environment variables: {'_require_service': 'True'}
2025-11-16 13:52:08,300 INFO    MainThread:27805 [wandb_setup.py:_flush():76] Inferring run settings from compute environment: {'program_relpath': 'pruning_ppo.py', 'program': '/Users/fionameng/Documents/rllib-accelerator/pruning_ppo.py'}
2025-11-16 13:52:08,300 INFO    MainThread:27805 [wandb_init.py:_log_setup():461] Logging user logs to /Users/fionameng/Documents/rllib-accelerator/wandb/run-20251116_135208-vlhu2m2o/logs/debug.log
2025-11-16 13:52:08,300 INFO    MainThread:27805 [wandb_init.py:_log_setup():462] Logging internal logs to /Users/fionameng/Documents/rllib-accelerator/wandb/run-20251116_135208-vlhu2m2o/logs/debug-internal.log
2025-11-16 13:52:08,300 INFO    MainThread:27805 [wandb_init.py:init():495] calling init triggers
2025-11-16 13:52:08,300 INFO    MainThread:27805 [wandb_init.py:init():498] wandb.init called with sweep_config: {}
config: {'technique': 'magnitude_weight', 'schedule': 'iterative', 'target_prune_ratio': 0.75, 'environment': 'CartPole-v1', 'algorithm': 'PPO', 'hidden_dim': 64, 'train_batch_size': 4000, 'learning_rate': 0.0003}
2025-11-16 13:52:08,300 INFO    MainThread:27805 [wandb_init.py:init():548] starting backend
2025-11-16 13:52:08,300 INFO    MainThread:27805 [wandb_init.py:init():552] setting up manager
2025-11-16 13:52:08,302 INFO    MainThread:27805 [backend.py:_multiprocessing_setup():97] multiprocessing start_methods=spawn,fork,forkserver, using: spawn
2025-11-16 13:52:08,303 INFO    MainThread:27805 [wandb_init.py:init():558] backend started and connected
2025-11-16 13:52:08,304 INFO    MainThread:27805 [wandb_init.py:init():636] updated telemetry
2025-11-16 13:52:08,338 INFO    MainThread:27805 [wandb_init.py:init():667] communicating run to backend with 30 second timeout
2025-11-16 13:52:09,643 INFO    MainThread:27805 [wandb_run.py:_on_init():1981] communicating current version
2025-11-16 13:52:09,707 INFO    MainThread:27805 [wandb_run.py:_on_init():1985] got version response upgrade_message: "wandb version 0.23.0 is available!  To upgrade, please run:\n $ pip install wandb --upgrade"

2025-11-16 13:52:09,707 INFO    MainThread:27805 [wandb_init.py:init():700] starting run threads in backend
2025-11-16 13:52:11,690 INFO    MainThread:27805 [wandb_run.py:_console_start():1961] atexit reg
2025-11-16 13:52:11,690 INFO    MainThread:27805 [wandb_run.py:_redirect():1819] redirect: 3
2025-11-16 13:52:11,690 INFO    MainThread:27805 [wandb_run.py:_redirect():1884] Wrapping output streams.
2025-11-16 13:52:11,690 INFO    MainThread:27805 [wandb_run.py:_redirect():1906] Redirects installed.
2025-11-16 13:52:11,691 INFO    MainThread:27805 [wandb_init.py:init():732] run started, returning control to user process
2025-11-16 13:52:58,989 INFO    MainThread:27805 [wandb_run.py:_finish():1727] finishing run fm2859-columbia-university/rl-pruning-quick/vlhu2m2o
2025-11-16 13:52:58,990 INFO    MainThread:27805 [wandb_run.py:_atexit_cleanup():1930] got exitcode: 0
2025-11-16 13:52:58,990 INFO    MainThread:27805 [wandb_run.py:_restore():1913] restore
2025-11-16 13:52:58,990 INFO    MainThread:27805 [wandb_run.py:_restore():1919] restore done
2025-11-16 13:52:58,994 INFO    MainThread:27805 [wandb_run.py:_on_finish():2220] got exit ret: file_counts {
  wandb_count: 1
}
pusher_stats {
  uploaded_bytes: 777
  total_bytes: 777
}

2025-11-16 13:53:00,247 INFO    MainThread:27805 [wandb_run.py:_on_finish():2220] got exit ret: file_counts {
  wandb_count: 1
}
pusher_stats {
  uploaded_bytes: 777
  total_bytes: 777
}

2025-11-16 13:53:00,467 INFO    MainThread:27805 [wandb_run.py:_on_finish():2220] got exit ret: file_counts {
  wandb_count: 1
}
pusher_stats {
  uploaded_bytes: 777
  total_bytes: 777
}

2025-11-16 13:53:02,962 INFO    MainThread:27805 [wandb_run.py:_on_finish():2220] got exit ret: file_counts {
  wandb_count: 1
}
pusher_stats {
  uploaded_bytes: 777
  total_bytes: 777
}

2025-11-16 13:53:03,910 INFO    MainThread:27805 [wandb_run.py:_on_finish():2220] got exit ret: file_counts {
  wandb_count: 6
}
pusher_stats {
  uploaded_bytes: 777
  total_bytes: 10528
}

2025-11-16 13:53:04,017 INFO    MainThread:27805 [wandb_run.py:_on_finish():2220] got exit ret: file_counts {
  wandb_count: 6
}
pusher_stats {
  uploaded_bytes: 777
  total_bytes: 10528
}

2025-11-16 13:53:04,119 INFO    MainThread:27805 [wandb_run.py:_on_finish():2220] got exit ret: file_counts {
  wandb_count: 6
}
pusher_stats {
  uploaded_bytes: 777
  total_bytes: 10528
}

2025-11-16 13:53:04,225 INFO    MainThread:27805 [wandb_run.py:_on_finish():2220] got exit ret: file_counts {
  wandb_count: 6
}
pusher_stats {
  uploaded_bytes: 777
  total_bytes: 10528
}

2025-11-16 13:53:04,329 INFO    MainThread:27805 [wandb_run.py:_on_finish():2220] got exit ret: file_counts {
  wandb_count: 6
}
pusher_stats {
  uploaded_bytes: 2095
  total_bytes: 10528
}

2025-11-16 13:53:04,435 INFO    MainThread:27805 [wandb_run.py:_on_finish():2220] got exit ret: file_counts {
  wandb_count: 6
}
pusher_stats {
  uploaded_bytes: 5938
  total_bytes: 10528
}

2025-11-16 13:53:04,540 INFO    MainThread:27805 [wandb_run.py:_on_finish():2220] got exit ret: file_counts {
  wandb_count: 6
}
pusher_stats {
  uploaded_bytes: 5938
  total_bytes: 10528
}

2025-11-16 13:53:04,645 INFO    MainThread:27805 [wandb_run.py:_on_finish():2220] got exit ret: file_counts {
  wandb_count: 6
}
pusher_stats {
  uploaded_bytes: 5938
  total_bytes: 10528
}

2025-11-16 13:53:04,752 INFO    MainThread:27805 [wandb_run.py:_on_finish():2220] got exit ret: file_counts {
  wandb_count: 6
}
pusher_stats {
  uploaded_bytes: 10528
  total_bytes: 10528
}

2025-11-16 13:53:04,856 INFO    MainThread:27805 [wandb_run.py:_on_finish():2220] got exit ret: file_counts {
  wandb_count: 6
}
pusher_stats {
  uploaded_bytes: 10528
  total_bytes: 10528
}

2025-11-16 13:53:04,960 INFO    MainThread:27805 [wandb_run.py:_on_finish():2220] got exit ret: file_counts {
  wandb_count: 6
}
pusher_stats {
  uploaded_bytes: 10528
  total_bytes: 10528
}

2025-11-16 13:53:05,067 INFO    MainThread:27805 [wandb_run.py:_on_finish():2220] got exit ret: file_counts {
  wandb_count: 6
}
pusher_stats {
  uploaded_bytes: 10528
  total_bytes: 10528
}

2025-11-16 13:53:05,263 INFO    MainThread:27805 [wandb_run.py:_on_finish():2220] got exit ret: file_counts {
  wandb_count: 6
}
pusher_stats {
  uploaded_bytes: 10528
  total_bytes: 10528
}

2025-11-16 13:53:05,592 INFO    MainThread:27805 [wandb_run.py:_on_finish():2220] got exit ret: done: true
exit_result {
}
file_counts {
  wandb_count: 6
}
pusher_stats {
  uploaded_bytes: 10528
  total_bytes: 10528
}
local_info {
}

2025-11-16 13:53:06,709 INFO    MainThread:27805 [wandb_run.py:_footer_history_summary_info():3304] rendering history
2025-11-16 13:53:06,711 INFO    MainThread:27805 [wandb_run.py:_footer_history_summary_info():3336] rendering summary
2025-11-16 13:53:06,717 INFO    MainThread:27805 [wandb_run.py:_footer_sync_info():3260] logging synced files
