2025-12-05 11:03:11,079 INFO    MainThread:8063 [wandb_setup.py:_flush():80] Current SDK version is 0.23.1
2025-12-05 11:03:11,079 INFO    MainThread:8063 [wandb_setup.py:_flush():80] Configure stats pid to 8063
2025-12-05 11:03:11,079 INFO    MainThread:8063 [wandb_setup.py:_flush():80] Loading settings from /home/mhm/.config/wandb/settings
2025-12-05 11:03:11,079 INFO    MainThread:8063 [wandb_setup.py:_flush():80] Loading settings from /home/mhm/workspace/rllib-accelerator/wandb/settings
2025-12-05 11:03:11,079 INFO    MainThread:8063 [wandb_setup.py:_flush():80] Loading settings from environment variables
2025-12-05 11:03:11,080 INFO    MainThread:8063 [wandb_init.py:setup_run_log_directory():714] Logging user logs to /home/mhm/workspace/rllib-accelerator/wandb/run-20251205_110311-vtq4r9r4/logs/debug.log
2025-12-05 11:03:11,080 INFO    MainThread:8063 [wandb_init.py:setup_run_log_directory():715] Logging internal logs to /home/mhm/workspace/rllib-accelerator/wandb/run-20251205_110311-vtq4r9r4/logs/debug-internal.log
2025-12-05 11:03:11,080 INFO    MainThread:8063 [wandb_init.py:init():841] calling init triggers
2025-12-05 11:03:11,080 INFO    MainThread:8063 [wandb_init.py:init():846] wandb.init called with sweep_config: {}
config: {'compile_mode': 'none', 'device': 'cpu', 'trigger_every': 0, 'enable_diff_check': False, 'experiment': 'baseline', 'env_id': 'CartPole-v1', '_wandb': {}}
2025-12-05 11:03:11,080 INFO    MainThread:8063 [wandb_init.py:init():889] starting backend
2025-12-05 11:03:11,312 INFO    MainThread:8063 [wandb_init.py:init():892] sending inform_init request
2025-12-05 11:03:11,316 INFO    MainThread:8063 [wandb_init.py:init():900] backend started and connected
2025-12-05 11:03:11,317 INFO    MainThread:8063 [wandb_init.py:init():970] updated telemetry
2025-12-05 11:03:11,322 INFO    MainThread:8063 [wandb_init.py:init():994] communicating run to backend with 90.0 second timeout
2025-12-05 11:03:11,820 INFO    MainThread:8063 [wandb_init.py:init():1041] starting run threads in backend
2025-12-05 11:03:11,931 INFO    MainThread:8063 [wandb_run.py:_console_start():2521] atexit reg
2025-12-05 11:03:11,932 INFO    MainThread:8063 [wandb_run.py:_redirect():2369] redirect: wrap_raw
2025-12-05 11:03:11,932 INFO    MainThread:8063 [wandb_run.py:_redirect():2438] Wrapping output streams.
2025-12-05 11:03:11,932 INFO    MainThread:8063 [wandb_run.py:_redirect():2461] Redirects installed.
2025-12-05 11:03:11,935 INFO    MainThread:8063 [wandb_init.py:init():1081] run started, returning control to user process
2025-12-05 11:03:25,306 INFO    MainThread:8063 [wandb_run.py:_finish():2287] finishing run mahm/rllib-accelerator/vtq4r9r4
2025-12-05 11:03:25,307 INFO    MainThread:8063 [wandb_run.py:_atexit_cleanup():2486] got exitcode: 0
2025-12-05 11:03:25,307 INFO    MainThread:8063 [wandb_run.py:_restore():2468] restore
2025-12-05 11:03:25,308 INFO    MainThread:8063 [wandb_run.py:_restore():2474] restore done
2025-12-05 11:03:25,938 INFO    MainThread:8063 [wandb_run.py:_footer_sync_info():3862] logging synced files
