/opt/anaconda3/envs/rllib-env/lib/python3.11/site-packages/ray/rllib/algorithms/algorithm.py:483: RayDeprecationWarning: This API is deprecated and may be removed in future Ray releases. You could suppress this warning by setting env variable PYTHONWARNINGS="ignore::DeprecationWarning"
`UnifiedLogger` will be removed in Ray 2.7.
  return UnifiedLogger(config, logdir, loggers=None)
/opt/anaconda3/envs/rllib-env/lib/python3.11/site-packages/ray/tune/logger/unified.py:53: RayDeprecationWarning: This API is deprecated and may be removed in future Ray releases. You could suppress this warning by setting env variable PYTHONWARNINGS="ignore::DeprecationWarning"
The `JsonLogger interface is deprecated in favor of the `ray.tune.json.JsonLoggerCallback` interface and will be removed in Ray 2.7.
  self._loggers.append(cls(self.config, self.logdir, self.trial))
/opt/anaconda3/envs/rllib-env/lib/python3.11/site-packages/ray/tune/logger/unified.py:53: RayDeprecationWarning: This API is deprecated and may be removed in future Ray releases. You could suppress this warning by setting env variable PYTHONWARNINGS="ignore::DeprecationWarning"
The `CSVLogger interface is deprecated in favor of the `ray.tune.csv.CSVLoggerCallback` interface and will be removed in Ray 2.7.
  self._loggers.append(cls(self.config, self.logdir, self.trial))
/opt/anaconda3/envs/rllib-env/lib/python3.11/site-packages/ray/tune/logger/unified.py:53: RayDeprecationWarning: This API is deprecated and may be removed in future Ray releases. You could suppress this warning by setting env variable PYTHONWARNINGS="ignore::DeprecationWarning"
The `TBXLogger interface is deprecated in favor of the `ray.tune.tensorboardx.TBXLoggerCallback` interface and will be removed in Ray 2.7.
  self._loggers.append(cls(self.config, self.logdir, self.trial))
[36m(pid=28023)[39m Gym has been unmaintained since 2022 and does not support NumPy 2.0 amongst other critical functionality.[32m [repeated 2x across cluster]
[36m(pid=28023)[39m Please upgrade to Gymnasium, the maintained drop-in replacement of Gym, or contact the authors of your software and request that they upgrade.[32m [repeated 2x across cluster]
[36m(pid=28023)[39m Users of this version of Gym should be able to simply replace 'import gym' with 'import gymnasium as gym' in the vast majority of cases.[32m [repeated 2x across cluster]
[36m(pid=28023)[39m See the migration guide at https://gymnasium.farama.org/introduction/migration_guide/ for additional information.[32m [repeated 2x across cluster]
2025-11-16 13:44:20,980	WARNING util.py:62 -- Install gputil for GPU system monitoring.
======================================================================
Experiment: magnitude_weight_oneshot_before_sparsity50
Technique: magnitude_weight | Schedule: oneshot_before
Target Prune Ratio: 50%
======================================================================
Epoch  1 | Reward:   21.78 | Max:   67.00 | Sparsity:  50.0%
Epoch  2 | Reward:   33.23 | Max:   93.00 | Sparsity:  50.0%
Epoch  3 | Reward:   49.86 | Max:  163.00 | Sparsity:  50.0%
Epoch  4 | Reward:   77.10 | Max:  194.00 | Sparsity:  50.0%
Epoch  5 | Reward:   96.55 | Max:  206.00 | Sparsity:  50.0%
Epoch  6 | Reward:  126.39 | Max:  362.00 | Sparsity:  50.0%
Epoch  7 | Reward:  147.18 | Max:  407.00 | Sparsity:  50.0%
Epoch  8 | Reward:  164.29 | Max:  407.00 | Sparsity:  50.0%
Epoch  9 | Reward:  179.13 | Max:  407.00 | Sparsity:  50.0%
Epoch 10 | Reward:  192.18 | Max:  407.00 | Sparsity:  50.0%
Epoch 11 | Reward:  210.15 | Max:  462.00 | Sparsity:  50.0%
Epoch 12 | Reward:  218.29 | Max:  500.00 | Sparsity:  50.0%
Epoch 13 | Reward:  235.28 | Max:  500.00 | Sparsity:  50.0%
Epoch 14 | Reward:  247.76 | Max:  500.00 | Sparsity:  50.0%
Epoch 15 | Reward:  259.44 | Max:  500.00 | Sparsity:  50.0%
Epoch 16 | Reward:  278.49 | Max:  500.00 | Sparsity:  50.0%
Epoch 17 | Reward:  289.76 | Max:  500.00 | Sparsity:  50.0%
Epoch 18 | Reward:  299.93 | Max:  500.00 | Sparsity:  50.0%
Epoch 19 | Reward:  312.26 | Max:  500.00 | Sparsity:  50.0%
Epoch 20 | Reward:  330.90 | Max:  500.00 | Sparsity:  50.0%
Epoch 21 | Reward:  352.57 | Max:  500.00 | Sparsity:  50.0%
Epoch 22 | Reward:  367.07 | Max:  500.00 | Sparsity:  50.0%
Epoch 23 | Reward:  374.75 | Max:  500.00 | Sparsity:  50.0%
Epoch 24 | Reward:  335.67 | Max:  500.00 | Sparsity:  50.0%
Epoch 25 | Reward:  317.49 | Max:  500.00 | Sparsity:  50.0%