2025-12-04 16:50:50,214 INFO    MainThread:696301 [wandb_setup.py:_flush():80] Current SDK version is 0.23.1
2025-12-04 16:50:50,214 INFO    MainThread:696301 [wandb_setup.py:_flush():80] Configure stats pid to 696301
2025-12-04 16:50:50,214 INFO    MainThread:696301 [wandb_setup.py:_flush():80] Loading settings from /home/mhm/.config/wandb/settings
2025-12-04 16:50:50,214 INFO    MainThread:696301 [wandb_setup.py:_flush():80] Loading settings from /home/mhm/workspace/rllib-accelerator/wandb/settings
2025-12-04 16:50:50,214 INFO    MainThread:696301 [wandb_setup.py:_flush():80] Loading settings from environment variables
2025-12-04 16:50:50,214 INFO    MainThread:696301 [wandb_init.py:setup_run_log_directory():714] Logging user logs to /home/mhm/workspace/rllib-accelerator/wandb/run-20251204_165050-nsvkygwc/logs/debug.log
2025-12-04 16:50:50,214 INFO    MainThread:696301 [wandb_init.py:setup_run_log_directory():715] Logging internal logs to /home/mhm/workspace/rllib-accelerator/wandb/run-20251204_165050-nsvkygwc/logs/debug-internal.log
2025-12-04 16:50:50,214 INFO    MainThread:696301 [wandb_init.py:init():841] calling init triggers
2025-12-04 16:50:50,214 INFO    MainThread:696301 [wandb_init.py:init():846] wandb.init called with sweep_config: {}
config: {'compile_mode': 'none', 'device': 'cpu', 'trigger_every': 0, 'enable_diff_check': False, 'experiment': 'baseline', 'env_id': 'CartPole-v1', '_wandb': {}}
2025-12-04 16:50:50,214 INFO    MainThread:696301 [wandb_init.py:init():889] starting backend
2025-12-04 16:50:50,475 INFO    MainThread:696301 [wandb_init.py:init():892] sending inform_init request
2025-12-04 16:50:50,481 INFO    MainThread:696301 [wandb_init.py:init():900] backend started and connected
2025-12-04 16:50:50,482 INFO    MainThread:696301 [wandb_init.py:init():970] updated telemetry
2025-12-04 16:50:50,488 INFO    MainThread:696301 [wandb_init.py:init():994] communicating run to backend with 90.0 second timeout
2025-12-04 16:50:51,070 INFO    MainThread:696301 [wandb_init.py:init():1041] starting run threads in backend
2025-12-04 16:50:51,282 INFO    MainThread:696301 [wandb_run.py:_console_start():2521] atexit reg
2025-12-04 16:50:51,283 INFO    MainThread:696301 [wandb_run.py:_redirect():2369] redirect: wrap_raw
2025-12-04 16:50:51,283 INFO    MainThread:696301 [wandb_run.py:_redirect():2438] Wrapping output streams.
2025-12-04 16:50:51,283 INFO    MainThread:696301 [wandb_run.py:_redirect():2461] Redirects installed.
2025-12-04 16:50:51,287 INFO    MainThread:696301 [wandb_init.py:init():1081] run started, returning control to user process
2025-12-04 16:51:42,278 INFO    MainThread:696301 [wandb_run.py:_finish():2287] finishing run mahm/rllib-accelerator/nsvkygwc
2025-12-04 16:51:42,280 INFO    MainThread:696301 [wandb_run.py:_atexit_cleanup():2486] got exitcode: 0
2025-12-04 16:51:42,280 INFO    MainThread:696301 [wandb_run.py:_restore():2468] restore
2025-12-04 16:51:42,280 INFO    MainThread:696301 [wandb_run.py:_restore():2474] restore done
2025-12-04 16:51:42,894 INFO    MainThread:696301 [wandb_run.py:_footer_sync_info():3862] logging synced files
