2025-12-04 16:51:49,434 INFO    MainThread:696301 [wandb_init.py:setup_run_log_directory():714] Logging user logs to /home/mhm/workspace/rllib-accelerator/wandb/run-20251204_165149-vr6d7jim/logs/debug.log
2025-12-04 16:51:49,434 INFO    MainThread:696301 [wandb_init.py:setup_run_log_directory():715] Logging internal logs to /home/mhm/workspace/rllib-accelerator/wandb/run-20251204_165149-vr6d7jim/logs/debug-internal.log
2025-12-04 16:51:49,434 INFO    MainThread:696301 [wandb_init.py:init():841] calling init triggers
2025-12-04 16:51:49,434 INFO    MainThread:696301 [wandb_init.py:init():846] wandb.init called with sweep_config: {}
config: {'compile_mode': 'async', 'device': 'cpu', 'trigger_every': 1, 'enable_diff_check': False, 'experiment': 'async_compile', 'env_id': 'CartPole-v1', '_wandb': {}}
2025-12-04 16:51:49,434 INFO    MainThread:696301 [wandb_init.py:init():889] starting backend
2025-12-04 16:51:49,434 INFO    MainThread:696301 [wandb_init.py:init():892] sending inform_init request
2025-12-04 16:51:49,435 INFO    MainThread:696301 [wandb_init.py:init():900] backend started and connected
2025-12-04 16:51:49,436 INFO    MainThread:696301 [wandb_init.py:init():970] updated telemetry
2025-12-04 16:51:49,440 INFO    MainThread:696301 [wandb_init.py:init():994] communicating run to backend with 90.0 second timeout
2025-12-04 16:51:49,808 INFO    MainThread:696301 [wandb_init.py:init():1041] starting run threads in backend
2025-12-04 16:51:49,910 INFO    MainThread:696301 [wandb_run.py:_console_start():2521] atexit reg
2025-12-04 16:51:49,910 INFO    MainThread:696301 [wandb_run.py:_redirect():2369] redirect: wrap_raw
2025-12-04 16:51:49,911 INFO    MainThread:696301 [wandb_run.py:_redirect():2438] Wrapping output streams.
2025-12-04 16:51:49,911 INFO    MainThread:696301 [wandb_run.py:_redirect():2461] Redirects installed.
2025-12-04 16:51:49,912 INFO    MainThread:696301 [wandb_init.py:init():1081] run started, returning control to user process
2025-12-04 16:53:14,173 INFO    MainThread:696301 [wandb_run.py:_finish():2287] finishing run mahm/rllib-accelerator/vr6d7jim
2025-12-04 16:53:14,174 INFO    MainThread:696301 [wandb_run.py:_atexit_cleanup():2486] got exitcode: 0
2025-12-04 16:53:14,174 INFO    MainThread:696301 [wandb_run.py:_restore():2468] restore
2025-12-04 16:53:14,175 INFO    MainThread:696301 [wandb_run.py:_restore():2474] restore done
2025-12-04 16:53:14,774 INFO    MainThread:696301 [wandb_run.py:_footer_sync_info():3862] logging synced files
