2025-12-04 17:35:54,138 INFO    MainThread:717219 [wandb_init.py:setup_run_log_directory():714] Logging user logs to /home/mhm/workspace/rllib-accelerator/wandb/run-20251204_173554-q0a7qnwy/logs/debug.log
2025-12-04 17:35:54,138 INFO    MainThread:717219 [wandb_init.py:setup_run_log_directory():715] Logging internal logs to /home/mhm/workspace/rllib-accelerator/wandb/run-20251204_173554-q0a7qnwy/logs/debug-internal.log
2025-12-04 17:35:54,138 INFO    MainThread:717219 [wandb_init.py:init():841] calling init triggers
2025-12-04 17:35:54,138 INFO    MainThread:717219 [wandb_init.py:init():846] wandb.init called with sweep_config: {}
config: {'compile_mode': 'async', 'device': 'cpu', 'trigger_every': 1, 'enable_diff_check': False, 'experiment': 'async_compile', 'env_id': 'CartPole-v1', '_wandb': {}}
2025-12-04 17:35:54,138 INFO    MainThread:717219 [wandb_init.py:init():889] starting backend
2025-12-04 17:35:54,138 INFO    MainThread:717219 [wandb_init.py:init():892] sending inform_init request
2025-12-04 17:35:54,139 INFO    MainThread:717219 [wandb_init.py:init():900] backend started and connected
2025-12-04 17:35:54,140 INFO    MainThread:717219 [wandb_init.py:init():970] updated telemetry
2025-12-04 17:35:54,145 INFO    MainThread:717219 [wandb_init.py:init():994] communicating run to backend with 90.0 second timeout
2025-12-04 17:35:54,563 INFO    MainThread:717219 [wandb_init.py:init():1041] starting run threads in backend
2025-12-04 17:35:54,674 INFO    MainThread:717219 [wandb_run.py:_console_start():2521] atexit reg
2025-12-04 17:35:54,674 INFO    MainThread:717219 [wandb_run.py:_redirect():2369] redirect: wrap_raw
2025-12-04 17:35:54,676 INFO    MainThread:717219 [wandb_run.py:_redirect():2438] Wrapping output streams.
2025-12-04 17:35:54,676 INFO    MainThread:717219 [wandb_run.py:_redirect():2461] Redirects installed.
2025-12-04 17:35:54,677 INFO    MainThread:717219 [wandb_init.py:init():1081] run started, returning control to user process
2025-12-04 17:36:45,706 ERROR   wandb-AsyncioManager-main:717219 [asyncio_manager.py:fn_wrap_exceptions():183] Uncaught exception in run_soon callback.
Traceback (most recent call last):
  File "/home/mhm/.pyenv/versions/3.10.14/lib/python3.10/site-packages/wandb/sdk/lib/asyncio_manager.py", line 181, in fn_wrap_exceptions
    await fn()
  File "/home/mhm/.pyenv/versions/3.10.14/lib/python3.10/site-packages/wandb/sdk/lib/service/service_client.py", line 38, in publish
    await self._send_server_request(request)
  File "/home/mhm/.pyenv/versions/3.10.14/lib/python3.10/site-packages/wandb/sdk/lib/service/service_client.py", line 64, in _send_server_request
    await self._writer.drain()
  File "/home/mhm/.pyenv/versions/3.10.14/lib/python3.10/asyncio/streams.py", line 371, in drain
    await self._protocol._drain_helper()
  File "/home/mhm/.pyenv/versions/3.10.14/lib/python3.10/asyncio/streams.py", line 167, in _drain_helper
    raise ConnectionResetError('Connection lost')
ConnectionResetError: Connection lost
2025-12-04 17:36:46,226 ERROR   wandb-AsyncioManager-main:717219 [asyncio_manager.py:fn_wrap_exceptions():183] Uncaught exception in run_soon callback.
Traceback (most recent call last):
  File "/home/mhm/.pyenv/versions/3.10.14/lib/python3.10/site-packages/wandb/sdk/lib/asyncio_manager.py", line 181, in fn_wrap_exceptions
    await fn()
  File "/home/mhm/.pyenv/versions/3.10.14/lib/python3.10/site-packages/wandb/sdk/lib/service/service_client.py", line 38, in publish
    await self._send_server_request(request)
  File "/home/mhm/.pyenv/versions/3.10.14/lib/python3.10/site-packages/wandb/sdk/lib/service/service_client.py", line 64, in _send_server_request
    await self._writer.drain()
  File "/home/mhm/.pyenv/versions/3.10.14/lib/python3.10/asyncio/streams.py", line 371, in drain
    await self._protocol._drain_helper()
  File "/home/mhm/.pyenv/versions/3.10.14/lib/python3.10/asyncio/streams.py", line 167, in _drain_helper
    raise ConnectionResetError('Connection lost')
ConnectionResetError: Connection lost
2025-12-04 17:36:46,226 ERROR   wandb-AsyncioManager-main:717219 [asyncio_manager.py:fn_wrap_exceptions():183] Uncaught exception in run_soon callback.
Traceback (most recent call last):
  File "/home/mhm/.pyenv/versions/3.10.14/lib/python3.10/site-packages/wandb/sdk/lib/asyncio_manager.py", line 181, in fn_wrap_exceptions
    await fn()
  File "/home/mhm/.pyenv/versions/3.10.14/lib/python3.10/site-packages/wandb/sdk/lib/service/service_client.py", line 38, in publish
    await self._send_server_request(request)
  File "/home/mhm/.pyenv/versions/3.10.14/lib/python3.10/site-packages/wandb/sdk/lib/service/service_client.py", line 64, in _send_server_request
    await self._writer.drain()
  File "/home/mhm/.pyenv/versions/3.10.14/lib/python3.10/asyncio/streams.py", line 371, in drain
    await self._protocol._drain_helper()
  File "/home/mhm/.pyenv/versions/3.10.14/lib/python3.10/asyncio/streams.py", line 167, in _drain_helper
    raise ConnectionResetError('Connection lost')
ConnectionResetError: Connection lost
