2025-12-03 17:26:45,935 INFO    MainThread:70702 [wandb_init.py:setup_run_log_directory():714] Logging user logs to /home/mhm/workspace/rllib-accelerator/wandb/run-20251203_172645-nog4j2ju/logs/debug.log
2025-12-03 17:26:45,935 INFO    MainThread:70702 [wandb_init.py:setup_run_log_directory():715] Logging internal logs to /home/mhm/workspace/rllib-accelerator/wandb/run-20251203_172645-nog4j2ju/logs/debug-internal.log
2025-12-03 17:26:45,935 INFO    MainThread:70702 [wandb_init.py:init():841] calling init triggers
2025-12-03 17:26:45,935 INFO    MainThread:70702 [wandb_init.py:init():846] wandb.init called with sweep_config: {}
config: {'compile_mode': 'sync', 'device': 'cpu', 'trigger_every': 0, 'enable_diff_check': False, 'experiment': 'torch_compile_sync', 'env_id': 'CartPole-v1', '_wandb': {}}
2025-12-03 17:26:45,935 INFO    MainThread:70702 [wandb_init.py:init():889] starting backend
2025-12-03 17:26:45,935 INFO    MainThread:70702 [wandb_init.py:init():892] sending inform_init request
2025-12-03 17:26:45,936 INFO    MainThread:70702 [wandb_init.py:init():900] backend started and connected
2025-12-03 17:26:45,937 INFO    MainThread:70702 [wandb_init.py:init():970] updated telemetry
2025-12-03 17:26:45,941 INFO    MainThread:70702 [wandb_init.py:init():994] communicating run to backend with 90.0 second timeout
2025-12-03 17:26:46,356 INFO    MainThread:70702 [wandb_init.py:init():1041] starting run threads in backend
2025-12-03 17:26:46,457 INFO    MainThread:70702 [wandb_run.py:_console_start():2521] atexit reg
2025-12-03 17:26:46,457 INFO    MainThread:70702 [wandb_run.py:_redirect():2369] redirect: wrap_raw
2025-12-03 17:26:46,457 INFO    MainThread:70702 [wandb_run.py:_redirect():2438] Wrapping output streams.
2025-12-03 17:26:46,458 INFO    MainThread:70702 [wandb_run.py:_redirect():2461] Redirects installed.
2025-12-03 17:26:46,459 INFO    MainThread:70702 [wandb_init.py:init():1081] run started, returning control to user process
2025-12-03 17:27:45,188 INFO    MainThread:70702 [wandb_run.py:_finish():2287] finishing run mahm/rllib-accelerator/nog4j2ju
2025-12-03 17:27:45,189 INFO    MainThread:70702 [wandb_run.py:_atexit_cleanup():2486] got exitcode: 0
2025-12-03 17:27:45,189 INFO    MainThread:70702 [wandb_run.py:_restore():2468] restore
2025-12-03 17:27:45,190 INFO    MainThread:70702 [wandb_run.py:_restore():2474] restore done
2025-12-03 17:27:45,802 INFO    MainThread:70702 [wandb_run.py:_footer_sync_info():3862] logging synced files
