2025-12-05 11:10:44,233 INFO    MainThread:17263 [wandb_init.py:setup_run_log_directory():714] Logging user logs to /home/mhm/workspace/rllib-accelerator/wandb/run-20251205_111044-bavtk0gx/logs/debug.log
2025-12-05 11:10:44,234 INFO    MainThread:17263 [wandb_init.py:setup_run_log_directory():715] Logging internal logs to /home/mhm/workspace/rllib-accelerator/wandb/run-20251205_111044-bavtk0gx/logs/debug-internal.log
2025-12-05 11:10:44,234 INFO    MainThread:17263 [wandb_init.py:init():841] calling init triggers
2025-12-05 11:10:44,234 INFO    MainThread:17263 [wandb_init.py:init():846] wandb.init called with sweep_config: {}
config: {'compile_mode': 'async', 'device': 'cpu', 'trigger_every': 10, 'enable_diff_check': True, 'experiment': 'async_quant', 'env_id': 'CartPole-v1', '_wandb': {}}
2025-12-05 11:10:44,234 INFO    MainThread:17263 [wandb_init.py:init():889] starting backend
2025-12-05 11:10:44,234 INFO    MainThread:17263 [wandb_init.py:init():892] sending inform_init request
2025-12-05 11:10:44,235 INFO    MainThread:17263 [wandb_init.py:init():900] backend started and connected
2025-12-05 11:10:44,236 INFO    MainThread:17263 [wandb_init.py:init():970] updated telemetry
2025-12-05 11:10:44,240 INFO    MainThread:17263 [wandb_init.py:init():994] communicating run to backend with 90.0 second timeout
2025-12-05 11:10:44,753 INFO    MainThread:17263 [wandb_init.py:init():1041] starting run threads in backend
2025-12-05 11:10:44,854 INFO    MainThread:17263 [wandb_run.py:_console_start():2521] atexit reg
2025-12-05 11:10:44,854 INFO    MainThread:17263 [wandb_run.py:_redirect():2369] redirect: wrap_raw
2025-12-05 11:10:44,855 INFO    MainThread:17263 [wandb_run.py:_redirect():2438] Wrapping output streams.
2025-12-05 11:10:44,855 INFO    MainThread:17263 [wandb_run.py:_redirect():2461] Redirects installed.
2025-12-05 11:10:44,856 INFO    MainThread:17263 [wandb_init.py:init():1081] run started, returning control to user process
2025-12-05 11:11:07,046 INFO    MainThread:17263 [wandb_run.py:_finish():2287] finishing run mahm/rllib-accelerator/bavtk0gx
2025-12-05 11:11:07,047 INFO    MainThread:17263 [wandb_run.py:_atexit_cleanup():2486] got exitcode: 0
2025-12-05 11:11:07,047 INFO    MainThread:17263 [wandb_run.py:_restore():2468] restore
2025-12-05 11:11:07,047 INFO    MainThread:17263 [wandb_run.py:_restore():2474] restore done
2025-12-05 11:11:07,707 INFO    MainThread:17263 [wandb_run.py:_footer_sync_info():3862] logging synced files
