2025-12-05 11:08:35,097 INFO    MainThread:17263 [wandb_setup.py:_flush():80] Current SDK version is 0.23.1
2025-12-05 11:08:35,097 INFO    MainThread:17263 [wandb_setup.py:_flush():80] Configure stats pid to 17263
2025-12-05 11:08:35,097 INFO    MainThread:17263 [wandb_setup.py:_flush():80] Loading settings from /home/mhm/.config/wandb/settings
2025-12-05 11:08:35,097 INFO    MainThread:17263 [wandb_setup.py:_flush():80] Loading settings from /home/mhm/workspace/rllib-accelerator/wandb/settings
2025-12-05 11:08:35,097 INFO    MainThread:17263 [wandb_setup.py:_flush():80] Loading settings from environment variables
2025-12-05 11:08:35,097 INFO    MainThread:17263 [wandb_init.py:setup_run_log_directory():714] Logging user logs to /home/mhm/workspace/rllib-accelerator/wandb/run-20251205_110835-v5wzqayp/logs/debug.log
2025-12-05 11:08:35,097 INFO    MainThread:17263 [wandb_init.py:setup_run_log_directory():715] Logging internal logs to /home/mhm/workspace/rllib-accelerator/wandb/run-20251205_110835-v5wzqayp/logs/debug-internal.log
2025-12-05 11:08:35,097 INFO    MainThread:17263 [wandb_init.py:init():841] calling init triggers
2025-12-05 11:08:35,098 INFO    MainThread:17263 [wandb_init.py:init():846] wandb.init called with sweep_config: {}
config: {'compile_mode': 'none', 'device': 'cpu', 'trigger_every': 0, 'enable_diff_check': False, 'experiment': 'baseline', 'env_id': 'CartPole-v1', '_wandb': {}}
2025-12-05 11:08:35,098 INFO    MainThread:17263 [wandb_init.py:init():889] starting backend
2025-12-05 11:08:35,323 INFO    MainThread:17263 [wandb_init.py:init():892] sending inform_init request
2025-12-05 11:08:35,327 INFO    MainThread:17263 [wandb_init.py:init():900] backend started and connected
2025-12-05 11:08:35,328 INFO    MainThread:17263 [wandb_init.py:init():970] updated telemetry
2025-12-05 11:08:35,332 INFO    MainThread:17263 [wandb_init.py:init():994] communicating run to backend with 90.0 second timeout
2025-12-05 11:08:35,735 INFO    MainThread:17263 [wandb_init.py:init():1041] starting run threads in backend
2025-12-05 11:08:36,529 INFO    MainThread:17263 [wandb_run.py:_console_start():2521] atexit reg
2025-12-05 11:08:36,530 INFO    MainThread:17263 [wandb_run.py:_redirect():2369] redirect: wrap_raw
2025-12-05 11:08:36,530 INFO    MainThread:17263 [wandb_run.py:_redirect():2438] Wrapping output streams.
2025-12-05 11:08:36,530 INFO    MainThread:17263 [wandb_run.py:_redirect():2461] Redirects installed.
2025-12-05 11:08:36,533 INFO    MainThread:17263 [wandb_init.py:init():1081] run started, returning control to user process
2025-12-05 11:09:20,844 INFO    MainThread:17263 [wandb_run.py:_finish():2287] finishing run mahm/rllib-accelerator/v5wzqayp
2025-12-05 11:09:20,844 INFO    MainThread:17263 [wandb_run.py:_atexit_cleanup():2486] got exitcode: 0
2025-12-05 11:09:20,845 INFO    MainThread:17263 [wandb_run.py:_restore():2468] restore
2025-12-05 11:09:20,845 INFO    MainThread:17263 [wandb_run.py:_restore():2474] restore done
2025-12-05 11:09:21,473 INFO    MainThread:17263 [wandb_run.py:_footer_sync_info():3862] logging synced files
