2025-12-05 11:03:52,365 INFO    MainThread:8063 [wandb_init.py:setup_run_log_directory():714] Logging user logs to /home/mhm/workspace/rllib-accelerator/wandb/run-20251205_110352-reg5wpt5/logs/debug.log
2025-12-05 11:03:52,366 INFO    MainThread:8063 [wandb_init.py:setup_run_log_directory():715] Logging internal logs to /home/mhm/workspace/rllib-accelerator/wandb/run-20251205_110352-reg5wpt5/logs/debug-internal.log
2025-12-05 11:03:52,366 INFO    MainThread:8063 [wandb_init.py:init():841] calling init triggers
2025-12-05 11:03:52,366 INFO    MainThread:8063 [wandb_init.py:init():846] wandb.init called with sweep_config: {}
config: {'compile_mode': 'async', 'device': 'cpu', 'trigger_every': 10, 'enable_diff_check': True, 'experiment': 'async_quant', 'env_id': 'CartPole-v1', '_wandb': {}}
2025-12-05 11:03:52,366 INFO    MainThread:8063 [wandb_init.py:init():889] starting backend
2025-12-05 11:03:52,366 INFO    MainThread:8063 [wandb_init.py:init():892] sending inform_init request
2025-12-05 11:03:52,367 INFO    MainThread:8063 [wandb_init.py:init():900] backend started and connected
2025-12-05 11:03:52,368 INFO    MainThread:8063 [wandb_init.py:init():970] updated telemetry
2025-12-05 11:03:52,372 INFO    MainThread:8063 [wandb_init.py:init():994] communicating run to backend with 90.0 second timeout
2025-12-05 11:03:52,798 INFO    MainThread:8063 [wandb_init.py:init():1041] starting run threads in backend
2025-12-05 11:03:52,895 INFO    MainThread:8063 [wandb_run.py:_console_start():2521] atexit reg
2025-12-05 11:03:52,895 INFO    MainThread:8063 [wandb_run.py:_redirect():2369] redirect: wrap_raw
2025-12-05 11:03:52,895 INFO    MainThread:8063 [wandb_run.py:_redirect():2438] Wrapping output streams.
2025-12-05 11:03:52,896 INFO    MainThread:8063 [wandb_run.py:_redirect():2461] Redirects installed.
2025-12-05 11:03:52,897 INFO    MainThread:8063 [wandb_init.py:init():1081] run started, returning control to user process
2025-12-05 11:04:01,462 INFO    MainThread:8063 [wandb_run.py:_finish():2287] finishing run mahm/rllib-accelerator/reg5wpt5
2025-12-05 11:04:01,463 INFO    MainThread:8063 [wandb_run.py:_atexit_cleanup():2486] got exitcode: 0
2025-12-05 11:04:01,463 INFO    MainThread:8063 [wandb_run.py:_restore():2468] restore
2025-12-05 11:04:01,464 INFO    MainThread:8063 [wandb_run.py:_restore():2474] restore done
2025-12-05 11:04:02,128 INFO    MainThread:8063 [wandb_run.py:_footer_sync_info():3862] logging synced files
