/opt/anaconda3/envs/rllib-env/lib/python3.11/site-packages/ray/rllib/algorithms/algorithm.py:483: RayDeprecationWarning: This API is deprecated and may be removed in future Ray releases. You could suppress this warning by setting env variable PYTHONWARNINGS="ignore::DeprecationWarning"
`UnifiedLogger` will be removed in Ray 2.7.
  return UnifiedLogger(config, logdir, loggers=None)
/opt/anaconda3/envs/rllib-env/lib/python3.11/site-packages/ray/tune/logger/unified.py:53: RayDeprecationWarning: This API is deprecated and may be removed in future Ray releases. You could suppress this warning by setting env variable PYTHONWARNINGS="ignore::DeprecationWarning"
The `JsonLogger interface is deprecated in favor of the `ray.tune.json.JsonLoggerCallback` interface and will be removed in Ray 2.7.
  self._loggers.append(cls(self.config, self.logdir, self.trial))
/opt/anaconda3/envs/rllib-env/lib/python3.11/site-packages/ray/tune/logger/unified.py:53: RayDeprecationWarning: This API is deprecated and may be removed in future Ray releases. You could suppress this warning by setting env variable PYTHONWARNINGS="ignore::DeprecationWarning"
The `CSVLogger interface is deprecated in favor of the `ray.tune.csv.CSVLoggerCallback` interface and will be removed in Ray 2.7.
  self._loggers.append(cls(self.config, self.logdir, self.trial))
/opt/anaconda3/envs/rllib-env/lib/python3.11/site-packages/ray/tune/logger/unified.py:53: RayDeprecationWarning: This API is deprecated and may be removed in future Ray releases. You could suppress this warning by setting env variable PYTHONWARNINGS="ignore::DeprecationWarning"
The `TBXLogger interface is deprecated in favor of the `ray.tune.tensorboardx.TBXLoggerCallback` interface and will be removed in Ray 2.7.
  self._loggers.append(cls(self.config, self.logdir, self.trial))
[36m(pid=28341)[39m Gym has been unmaintained since 2022 and does not support NumPy 2.0 amongst other critical functionality.[32m [repeated 2x across cluster]
[36m(pid=28341)[39m Please upgrade to Gymnasium, the maintained drop-in replacement of Gym, or contact the authors of your software and request that they upgrade.[32m [repeated 2x across cluster]
[36m(pid=28341)[39m Users of this version of Gym should be able to simply replace 'import gym' with 'import gymnasium as gym' in the vast majority of cases.[32m [repeated 2x across cluster]
[36m(pid=28341)[39m See the migration guide at https://gymnasium.farama.org/introduction/migration_guide/ for additional information.[32m [repeated 2x across cluster]
2025-11-16 13:47:18,003	WARNING util.py:62 -- Install gputil for GPU system monitoring.
======================================================================
Experiment: magnitude_weight_oneshot_before_sparsity80
Technique: magnitude_weight | Schedule: oneshot_before
Target Prune Ratio: 80%
======================================================================
Epoch  1 | Reward:   22.99 | Max:   83.00 | Sparsity:  80.0%
Epoch  2 | Reward:   27.97 | Max:   85.00 | Sparsity:  80.0%
Epoch  3 | Reward:   26.81 | Max:   85.00 | Sparsity:  80.0%
Epoch  4 | Reward:   25.45 | Max:  110.00 | Sparsity:  80.0%
Epoch  5 | Reward:   24.53 | Max:   80.00 | Sparsity:  80.0%
Epoch  6 | Reward:   21.02 | Max:   46.00 | Sparsity:  80.0%
Epoch  7 | Reward:   19.15 | Max:   41.00 | Sparsity:  80.0%
Epoch  8 | Reward:   18.21 | Max:   37.00 | Sparsity:  80.0%
Epoch  9 | Reward:   16.27 | Max:   33.00 | Sparsity:  80.0%
Epoch 10 | Reward:   15.11 | Max:   29.00 | Sparsity:  80.0%
Epoch 11 | Reward:   13.79 | Max:   27.00 | Sparsity:  80.0%
Epoch 12 | Reward:   12.51 | Max:   27.00 | Sparsity:  80.0%
Epoch 13 | Reward:   11.88 | Max:   20.00 | Sparsity:  80.0%
Epoch 14 | Reward:   10.94 | Max:   21.00 | Sparsity:  80.0%
Epoch 15 | Reward:   10.69 | Max:   21.00 | Sparsity:  80.0%
Epoch 16 | Reward:   10.34 | Max:   16.00 | Sparsity:  80.0%
Epoch 17 | Reward:   10.26 | Max:   16.00 | Sparsity:  80.0%
Epoch 18 | Reward:    9.91 | Max:   14.00 | Sparsity:  80.0%
Epoch 19 | Reward:    9.88 | Max:   17.00 | Sparsity:  80.0%
Epoch 20 | Reward:    9.75 | Max:   16.00 | Sparsity:  80.0%
Epoch 21 | Reward:    9.69 | Max:   15.00 | Sparsity:  80.0%
Epoch 22 | Reward:    9.62 | Max:   15.00 | Sparsity:  80.0%
Epoch 23 | Reward:    9.76 | Max:   30.00 | Sparsity:  80.0%
Epoch 24 | Reward:    9.82 | Max:   24.00 | Sparsity:  80.0%
Epoch 25 | Reward:    9.87 | Max:   30.00 | Sparsity:  80.0%