2025-12-04 17:09:15,301 INFO    MainThread:707360 [wandb_init.py:setup_run_log_directory():714] Logging user logs to /home/mhm/workspace/rllib-accelerator/wandb/run-20251204_170915-glni9ndh/logs/debug.log
2025-12-04 17:09:15,302 INFO    MainThread:707360 [wandb_init.py:setup_run_log_directory():715] Logging internal logs to /home/mhm/workspace/rllib-accelerator/wandb/run-20251204_170915-glni9ndh/logs/debug-internal.log
2025-12-04 17:09:15,302 INFO    MainThread:707360 [wandb_init.py:init():841] calling init triggers
2025-12-04 17:09:15,302 INFO    MainThread:707360 [wandb_init.py:init():846] wandb.init called with sweep_config: {}
config: {'compile_mode': 'async', 'device': 'cpu', 'trigger_every': 1, 'enable_diff_check': False, 'experiment': 'async_compile', 'env_id': 'CartPole-v1', '_wandb': {}}
2025-12-04 17:09:15,302 INFO    MainThread:707360 [wandb_init.py:init():889] starting backend
2025-12-04 17:09:15,302 INFO    MainThread:707360 [wandb_init.py:init():892] sending inform_init request
2025-12-04 17:09:15,303 INFO    MainThread:707360 [wandb_init.py:init():900] backend started and connected
2025-12-04 17:09:15,304 INFO    MainThread:707360 [wandb_init.py:init():970] updated telemetry
2025-12-04 17:09:15,310 INFO    MainThread:707360 [wandb_init.py:init():994] communicating run to backend with 90.0 second timeout
2025-12-04 17:09:15,755 INFO    MainThread:707360 [wandb_init.py:init():1041] starting run threads in backend
2025-12-04 17:09:15,860 INFO    MainThread:707360 [wandb_run.py:_console_start():2521] atexit reg
2025-12-04 17:09:15,860 INFO    MainThread:707360 [wandb_run.py:_redirect():2369] redirect: wrap_raw
2025-12-04 17:09:15,861 INFO    MainThread:707360 [wandb_run.py:_redirect():2438] Wrapping output streams.
2025-12-04 17:09:15,861 INFO    MainThread:707360 [wandb_run.py:_redirect():2461] Redirects installed.
2025-12-04 17:09:15,863 INFO    MainThread:707360 [wandb_init.py:init():1081] run started, returning control to user process
2025-12-04 17:09:19,970 ERROR   wandb-AsyncioManager-main:707360 [asyncio_manager.py:fn_wrap_exceptions():183] Uncaught exception in run_soon callback.
Traceback (most recent call last):
  File "/home/mhm/.pyenv/versions/3.10.14/lib/python3.10/site-packages/wandb/sdk/lib/asyncio_manager.py", line 181, in fn_wrap_exceptions
    await fn()
  File "/home/mhm/.pyenv/versions/3.10.14/lib/python3.10/site-packages/wandb/sdk/lib/service/service_client.py", line 38, in publish
    await self._send_server_request(request)
  File "/home/mhm/.pyenv/versions/3.10.14/lib/python3.10/site-packages/wandb/sdk/lib/service/service_client.py", line 64, in _send_server_request
    await self._writer.drain()
  File "/home/mhm/.pyenv/versions/3.10.14/lib/python3.10/asyncio/streams.py", line 371, in drain
    await self._protocol._drain_helper()
  File "/home/mhm/.pyenv/versions/3.10.14/lib/python3.10/asyncio/streams.py", line 167, in _drain_helper
    raise ConnectionResetError('Connection lost')
ConnectionResetError: Connection lost
